2025-03-10T08:41:20.205+05:30  INFO 22924 --- [hotel-management-project] [main] c.e.h.HotelManagementProjectApplication  : Starting HotelManagementProjectApplication using Java 21.0.5 with PID 22924 (C:\Users\srrinivas.ch\Downloads\hotel-management-project\hotel-management-project\target\classes started by prabhakar.bunga in C:\Users\srrinivas.ch\Downloads\hotel-management-project\hotel-management-project)
2025-03-10T08:41:20.233+05:30  INFO 22924 --- [hotel-management-project] [main] c.e.h.HotelManagementProjectApplication  : The following 1 profile is active: "default"
2025-03-10T08:41:23.959+05:30  INFO 22924 --- [hotel-management-project] [main] .s.d.r.c.RepositoryConfigurationDelegate : Bootstrapping Spring Data JPA repositories in DEFAULT mode.
2025-03-10T08:41:24.270+05:30  INFO 22924 --- [hotel-management-project] [main] .s.d.r.c.RepositoryConfigurationDelegate : Finished Spring Data repository scanning in 274 ms. Found 4 JPA repository interfaces.
2025-03-10T08:41:26.798+05:30  INFO 22924 --- [hotel-management-project] [main] o.s.b.w.embedded.tomcat.TomcatWebServer  : Tomcat initialized with port 8081 (http)
2025-03-10T08:41:26.858+05:30  INFO 22924 --- [hotel-management-project] [main] o.apache.catalina.core.StandardService   : Starting service [Tomcat]
2025-03-10T08:41:26.858+05:30  INFO 22924 --- [hotel-management-project] [main] o.apache.catalina.core.StandardEngine    : Starting Servlet engine: [Apache Tomcat/10.1.18]
2025-03-10T08:41:27.215+05:30  INFO 22924 --- [hotel-management-project] [main] o.a.c.c.C.[Tomcat].[localhost].[/api]    : Initializing Spring embedded WebApplicationContext
2025-03-10T08:41:27.215+05:30  INFO 22924 --- [hotel-management-project] [main] w.s.c.ServletWebServerApplicationContext : Root WebApplicationContext: initialization completed in 6869 ms
2025-03-10T08:41:28.122+05:30  INFO 22924 --- [hotel-management-project] [main] o.hibernate.jpa.internal.util.LogHelper  : HHH000204: Processing PersistenceUnitInfo [name: default]
2025-03-10T08:41:28.517+05:30  INFO 22924 --- [hotel-management-project] [main] org.hibernate.Version                    : HHH000412: Hibernate ORM core version 6.4.1.Final
2025-03-10T08:41:28.729+05:30  INFO 22924 --- [hotel-management-project] [main] o.h.c.internal.RegionFactoryInitiator    : HHH000026: Second-level cache disabled
2025-03-10T08:41:29.820+05:30  INFO 22924 --- [hotel-management-project] [main] o.s.o.j.p.SpringPersistenceUnitInfo      : No LoadTimeWeaver setup: ignoring JPA class transformer
2025-03-10T08:41:29.914+05:30  INFO 22924 --- [hotel-management-project] [main] com.zaxxer.hikari.HikariDataSource       : HikariPool-1 - Starting...
2025-03-10T08:41:30.533+05:30  INFO 22924 --- [hotel-management-project] [main] com.zaxxer.hikari.pool.HikariPool        : HikariPool-1 - Added connection org.postgresql.jdbc.PgConnection@7ed7ae
2025-03-10T08:41:30.538+05:30  INFO 22924 --- [hotel-management-project] [main] com.zaxxer.hikari.HikariDataSource       : HikariPool-1 - Start completed.
2025-03-10T08:41:30.695+05:30  WARN 22924 --- [hotel-management-project] [main] org.hibernate.orm.deprecation            : HHH90000025: PostgreSQLDialect does not need to be specified explicitly using 'hibernate.dialect' (remove the property setting and it will be selected by default)
2025-03-10T08:41:34.267+05:30  INFO 22924 --- [hotel-management-project] [main] o.h.e.t.j.p.i.JtaPlatformInitiator       : HHH000489: No JTA platform available (set 'hibernate.transaction.jta.platform' to enable JTA platform integration)
2025-03-10T08:41:34.320+05:30  WARN 22924 --- [hotel-management-project] [main] o.h.engine.jdbc.spi.SqlExceptionHelper   : SQL Warning Code: 0, SQLState: 00000
2025-03-10T08:41:34.320+05:30  WARN 22924 --- [hotel-management-project] [main] o.h.engine.jdbc.spi.SqlExceptionHelper   : constraint "fk4w8v04wd03f4w5bqvlqbl7w4d" of relation "customer_logs" does not exist, skipping
2025-03-10T08:41:34.329+05:30  WARN 22924 --- [hotel-management-project] [main] o.h.engine.jdbc.spi.SqlExceptionHelper   : SQL Warning Code: 0, SQLState: 00000
2025-03-10T08:41:34.329+05:30  WARN 22924 --- [hotel-management-project] [main] o.h.engine.jdbc.spi.SqlExceptionHelper   : constraint "fki1sh31n3nboqjs2ft24t3j6ga" of relation "customer_logs" does not exist, skipping
2025-03-10T08:41:34.329+05:30  WARN 22924 --- [hotel-management-project] [main] o.h.engine.jdbc.spi.SqlExceptionHelper   : SQL Warning Code: 0, SQLState: 00000
2025-03-10T08:41:34.331+05:30  WARN 22924 --- [hotel-management-project] [main] o.h.engine.jdbc.spi.SqlExceptionHelper   : constraint "fkscqpf6rwdjo18bx2r7db9nffh" of relation "customer_logs" does not exist, skipping
2025-03-10T08:41:34.350+05:30  WARN 22924 --- [hotel-management-project] [main] o.h.engine.jdbc.spi.SqlExceptionHelper   : SQL Warning Code: 0, SQLState: 00000
2025-03-10T08:41:34.350+05:30  WARN 22924 --- [hotel-management-project] [main] o.h.engine.jdbc.spi.SqlExceptionHelper   : drop cascades to constraint customer_logs_customer_id_fkey on table customer_logs
2025-03-10T08:41:34.497+05:30  INFO 22924 --- [hotel-management-project] [main] j.LocalContainerEntityManagerFactoryBean : Initialized JPA EntityManagerFactory for persistence unit 'default'
2025-03-10T08:41:40.216+05:30  INFO 22924 --- [hotel-management-project] [main] o.s.s.web.DefaultSecurityFilterChain     : Will secure any request with [org.springframework.security.web.session.DisableEncodeUrlFilter@5b7d5eca, org.springframework.security.web.context.request.async.WebAsyncManagerIntegrationFilter@52a3eba3, org.springframework.security.web.context.SecurityContextHolderFilter@5e0b7f58, org.springframework.security.web.header.HeaderWriterFilter@f3e6876, org.springframework.web.filter.CorsFilter@4ed74d03, org.springframework.security.web.authentication.logout.LogoutFilter@6e68ccc9, com.example.hotel_management_project.securityConfig.JWTFilter@7bdf8c92, org.springframework.security.web.authentication.www.BasicAuthenticationFilter@764d54a0, org.springframework.security.web.savedrequest.RequestCacheAwareFilter@5fdff4f1, org.springframework.security.web.servletapi.SecurityContextHolderAwareRequestFilter@117be84a, org.springframework.security.web.authentication.AnonymousAuthenticationFilter@7ec729be, org.springframework.security.web.session.SessionManagementFilter@2e7dd504, org.springframework.security.web.access.ExceptionTranslationFilter@257da215, org.springframework.security.web.access.intercept.AuthorizationFilter@29767156]
2025-03-10T08:41:41.623+05:30  INFO 22924 --- [hotel-management-project] [main] o.s.b.w.embedded.tomcat.TomcatWebServer  : Tomcat started on port 8081 (http) with context path '/api'
2025-03-10T08:41:41.651+05:30  INFO 22924 --- [hotel-management-project] [main] c.e.h.HotelManagementProjectApplication  : Started HotelManagementProjectApplication in 22.699 seconds (process running for 41.82)
2025-03-10T09:14:37.460+05:30  WARN 22924 --- [hotel-management-project] [HikariPool-1 housekeeper] com.zaxxer.hikari.pool.HikariPool        : HikariPool-1 - Thread starvation or clock leap detected (housekeeper delta=3m6s341ms708µs800ns).
2025-03-10T10:50:11.089+05:30  INFO 24000 --- [hotel-management-project] [main] c.e.h.HotelManagementProjectApplication  : Starting HotelManagementProjectApplication using Java 21.0.5 with PID 24000 (C:\Users\srrinivas.ch\Downloads\hotel-management-project\hotel-management-project\target\classes started by prabhakar.bunga in C:\Users\srrinivas.ch\Downloads\hotel-management-project\hotel-management-project)
2025-03-10T10:50:11.093+05:30  INFO 24000 --- [hotel-management-project] [main] c.e.h.HotelManagementProjectApplication  : The following 1 profile is active: "default"
2025-03-10T10:50:12.444+05:30  INFO 24000 --- [hotel-management-project] [main] .s.d.r.c.RepositoryConfigurationDelegate : Bootstrapping Spring Data JPA repositories in DEFAULT mode.
2025-03-10T10:50:12.576+05:30  INFO 24000 --- [hotel-management-project] [main] .s.d.r.c.RepositoryConfigurationDelegate : Finished Spring Data repository scanning in 119 ms. Found 4 JPA repository interfaces.
2025-03-10T10:50:13.476+05:30  INFO 24000 --- [hotel-management-project] [main] o.s.b.w.embedded.tomcat.TomcatWebServer  : Tomcat initialized with port 8081 (http)
2025-03-10T10:50:13.494+05:30  INFO 24000 --- [hotel-management-project] [main] o.apache.catalina.core.StandardService   : Starting service [Tomcat]
2025-03-10T10:50:13.494+05:30  INFO 24000 --- [hotel-management-project] [main] o.apache.catalina.core.StandardEngine    : Starting Servlet engine: [Apache Tomcat/10.1.18]
2025-03-10T10:50:13.584+05:30  INFO 24000 --- [hotel-management-project] [main] o.a.c.c.C.[Tomcat].[localhost].[/api]    : Initializing Spring embedded WebApplicationContext
2025-03-10T10:50:13.585+05:30  INFO 24000 --- [hotel-management-project] [main] w.s.c.ServletWebServerApplicationContext : Root WebApplicationContext: initialization completed in 2441 ms
2025-03-10T10:50:13.919+05:30  INFO 24000 --- [hotel-management-project] [main] o.hibernate.jpa.internal.util.LogHelper  : HHH000204: Processing PersistenceUnitInfo [name: default]
2025-03-10T10:50:14.000+05:30  INFO 24000 --- [hotel-management-project] [main] org.hibernate.Version                    : HHH000412: Hibernate ORM core version 6.4.1.Final
2025-03-10T10:50:14.109+05:30  INFO 24000 --- [hotel-management-project] [main] o.h.c.internal.RegionFactoryInitiator    : HHH000026: Second-level cache disabled
2025-03-10T10:50:14.466+05:30  INFO 24000 --- [hotel-management-project] [main] o.s.o.j.p.SpringPersistenceUnitInfo      : No LoadTimeWeaver setup: ignoring JPA class transformer
2025-03-10T10:50:14.503+05:30  INFO 24000 --- [hotel-management-project] [main] com.zaxxer.hikari.HikariDataSource       : HikariPool-1 - Starting...
2025-03-10T10:50:14.715+05:30  INFO 24000 --- [hotel-management-project] [main] com.zaxxer.hikari.pool.HikariPool        : HikariPool-1 - Added connection org.postgresql.jdbc.PgConnection@2ad2b274
2025-03-10T10:50:14.717+05:30  INFO 24000 --- [hotel-management-project] [main] com.zaxxer.hikari.HikariDataSource       : HikariPool-1 - Start completed.
2025-03-10T10:50:14.770+05:30  WARN 24000 --- [hotel-management-project] [main] org.hibernate.orm.deprecation            : HHH90000025: PostgreSQLDialect does not need to be specified explicitly using 'hibernate.dialect' (remove the property setting and it will be selected by default)
2025-03-10T10:50:16.279+05:30  INFO 24000 --- [hotel-management-project] [main] o.h.e.t.j.p.i.JtaPlatformInitiator       : HHH000489: No JTA platform available (set 'hibernate.transaction.jta.platform' to enable JTA platform integration)
2025-03-10T10:50:16.329+05:30  WARN 24000 --- [hotel-management-project] [main] o.h.engine.jdbc.spi.SqlExceptionHelper   : SQL Warning Code: 0, SQLState: 00000
2025-03-10T10:50:16.330+05:30  WARN 24000 --- [hotel-management-project] [main] o.h.engine.jdbc.spi.SqlExceptionHelper   : constraint "fk4w8v04wd03f4w5bqvlqbl7w4d" of relation "customer_logs" does not exist, skipping
2025-03-10T10:50:16.332+05:30  WARN 24000 --- [hotel-management-project] [main] o.h.engine.jdbc.spi.SqlExceptionHelper   : SQL Warning Code: 0, SQLState: 00000
2025-03-10T10:50:16.333+05:30  WARN 24000 --- [hotel-management-project] [main] o.h.engine.jdbc.spi.SqlExceptionHelper   : constraint "fki1sh31n3nboqjs2ft24t3j6ga" of relation "customer_logs" does not exist, skipping
2025-03-10T10:50:16.334+05:30  WARN 24000 --- [hotel-management-project] [main] o.h.engine.jdbc.spi.SqlExceptionHelper   : SQL Warning Code: 0, SQLState: 00000
2025-03-10T10:50:16.334+05:30  WARN 24000 --- [hotel-management-project] [main] o.h.engine.jdbc.spi.SqlExceptionHelper   : constraint "fkscqpf6rwdjo18bx2r7db9nffh" of relation "customer_logs" does not exist, skipping
2025-03-10T10:50:16.357+05:30  WARN 24000 --- [hotel-management-project] [main] o.h.engine.jdbc.spi.SqlExceptionHelper   : SQL Warning Code: 0, SQLState: 00000
2025-03-10T10:50:16.357+05:30  WARN 24000 --- [hotel-management-project] [main] o.h.engine.jdbc.spi.SqlExceptionHelper   : drop cascades to constraint customer_logs_customer_id_fkey on table customer_logs
2025-03-10T10:50:16.506+05:30  INFO 24000 --- [hotel-management-project] [main] j.LocalContainerEntityManagerFactoryBean : Initialized JPA EntityManagerFactory for persistence unit 'default'
2025-03-10T10:50:18.524+05:30  INFO 24000 --- [hotel-management-project] [main] o.s.s.web.DefaultSecurityFilterChain     : Will secure any request with [org.springframework.security.web.session.DisableEncodeUrlFilter@55159007, org.springframework.security.web.context.request.async.WebAsyncManagerIntegrationFilter@edf4973, org.springframework.security.web.context.SecurityContextHolderFilter@533690d, org.springframework.security.web.header.HeaderWriterFilter@2f650dae, org.springframework.web.filter.CorsFilter@2a49753, org.springframework.security.web.authentication.logout.LogoutFilter@3e5febe9, com.example.hotel_management_project.securityConfig.JWTFilter@1ecd09d5, org.springframework.security.web.authentication.www.BasicAuthenticationFilter@171b0d3, org.springframework.security.web.savedrequest.RequestCacheAwareFilter@5101b9, org.springframework.security.web.servletapi.SecurityContextHolderAwareRequestFilter@40273969, org.springframework.security.web.authentication.AnonymousAuthenticationFilter@6e68ccc9, org.springframework.security.web.session.SessionManagementFilter@3031d9e9, org.springframework.security.web.access.ExceptionTranslationFilter@3c6e407, org.springframework.security.web.access.intercept.AuthorizationFilter@62075e3d]
2025-03-10T10:50:19.276+05:30  INFO 24000 --- [hotel-management-project] [main] o.s.b.w.embedded.tomcat.TomcatWebServer  : Tomcat started on port 8081 (http) with context path '/api'
2025-03-10T10:50:19.306+05:30  INFO 24000 --- [hotel-management-project] [main] c.e.h.HotelManagementProjectApplication  : Started HotelManagementProjectApplication in 8.879 seconds (process running for 9.341)
